  Lane.cpp
  Game.cpp
c:\users\owner\desktop\justin_repo\ggp_project\dx11starter\level.h(19): warning C4267: 'return': conversion from 'size_t' to 'int', possible loss of data
c:\users\owner\desktop\justin_repo\ggp_project\dx11starter\game.cpp(408): warning C4244: 'argument': conversion from 'const float' to 'const int', possible loss of data
c:\users\owner\desktop\justin_repo\ggp_project\dx11starter\game.cpp(423): warning C4244: 'argument': conversion from 'const float' to 'const int', possible loss of data
c:\users\owner\desktop\justin_repo\ggp_project\dx11starter\game.cpp(438): warning C4244: 'argument': conversion from 'const float' to 'const int', possible loss of data
c:\users\owner\desktop\justin_repo\ggp_project\dx11starter\game.cpp(494): warning C4244: 'argument': conversion from 'LONG' to 'float', possible loss of data
  Generating Code...
  Compiling...
  Player.cpp
c:\users\owner\desktop\justin_repo\ggp_project\dx11starter\level.h(19): warning C4267: 'return': conversion from 'size_t' to 'int', possible loss of data
c:\users\owner\desktop\justin_repo\ggp_project\dx11starter\player.cpp(11): warning C4244: '=': conversion from 'float' to 'int', possible loss of data
  Main.cpp
c:\users\owner\desktop\justin_repo\ggp_project\dx11starter\level.h(19): warning C4267: 'return': conversion from 'size_t' to 'int', possible loss of data
  Level.cpp
c:\users\owner\desktop\justin_repo\ggp_project\dx11starter\level.h(19): warning C4267: 'return': conversion from 'size_t' to 'int', possible loss of data
c:\users\owner\desktop\justin_repo\ggp_project\dx11starter\level.cpp(9): warning C4244: 'argument': conversion from 'time_t' to 'unsigned int', possible loss of data
c:\users\owner\desktop\justin_repo\ggp_project\dx11starter\level.cpp(26): warning C4244: 'argument': conversion from 'time_t' to 'unsigned int', possible loss of data
c:\users\owner\desktop\justin_repo\ggp_project\dx11starter\level.cpp(118): warning C4244: 'argument': conversion from 'int' to 'float', possible loss of data
  Generating Code...
  DX11Starter.vcxproj -> C:\Users\Owner\Desktop\Justin_Repo\GGP_Project\x64\Debug\DX11Starter.exe
