z:\igmprofile\desktop\ggp_repo\ggp_project\dx11starter\x64\debug\vc141.pdb
z:\igmprofile\desktop\ggp_repo\ggp_project\dx11starter\x64\debug\vc141.idb
z:\igmprofile\desktop\ggp_repo\ggp_project\dx11starter\x64\debug\camera.obj
z:\igmprofile\desktop\ggp_repo\ggp_project\dx11starter\x64\debug\dxcore.obj
z:\igmprofile\desktop\ggp_repo\ggp_project\dx11starter\x64\debug\enemy.obj
z:\igmprofile\desktop\ggp_repo\ggp_project\dx11starter\x64\debug\entity.obj
z:\igmprofile\desktop\ggp_repo\ggp_project\dx11starter\x64\debug\game.obj
z:\igmprofile\desktop\ggp_repo\ggp_project\dx11starter\x64\debug\lane.obj
z:\igmprofile\desktop\ggp_repo\ggp_project\dx11starter\x64\debug\level.obj
z:\igmprofile\desktop\ggp_repo\ggp_project\dx11starter\x64\debug\main.obj
z:\igmprofile\desktop\ggp_repo\ggp_project\dx11starter\x64\debug\materials.obj
z:\igmprofile\desktop\ggp_repo\ggp_project\dx11starter\x64\debug\mesh.obj
z:\igmprofile\desktop\ggp_repo\ggp_project\dx11starter\x64\debug\player.obj
z:\igmprofile\desktop\ggp_repo\ggp_project\dx11starter\x64\debug\projectile.obj
z:\igmprofile\desktop\ggp_repo\ggp_project\dx11starter\x64\debug\simpleshader.obj
z:\igmprofile\desktop\ggp_repo\ggp_project\x64\debug\pixelshader.cso
z:\igmprofile\desktop\ggp_repo\ggp_project\x64\debug\vertexshader.cso
z:\igmprofile\desktop\ggp_repo\ggp_project\x64\debug\dx11starter.ilk
z:\igmprofile\desktop\ggp_repo\ggp_project\x64\debug\dx11starter.exe
z:\igmprofile\desktop\ggp_repo\ggp_project\x64\debug\dx11starter.pdb
z:\igmprofile\desktop\ggp_repo\ggp_project\dx11starter\x64\debug\game.obj.enc
z:\igmprofile\desktop\ggp_repo\ggp_project\dx11starter\x64\debug\level.obj.enc
z:\igmprofile\desktop\ggp_repo\ggp_project\dx11starter\x64\debug\dx11starter.tlog\cl.command.1.tlog
z:\igmprofile\desktop\ggp_repo\ggp_project\dx11starter\x64\debug\dx11starter.tlog\cl.read.1.tlog
z:\igmprofile\desktop\ggp_repo\ggp_project\dx11starter\x64\debug\dx11starter.tlog\cl.write.1.tlog
z:\igmprofile\desktop\ggp_repo\ggp_project\dx11starter\x64\debug\dx11starter.tlog\dx11starter.write.1u.tlog
z:\igmprofile\desktop\ggp_repo\ggp_project\dx11starter\x64\debug\dx11starter.tlog\fxc.command.1.tlog
z:\igmprofile\desktop\ggp_repo\ggp_project\dx11starter\x64\debug\dx11starter.tlog\fxc.read.1.tlog
z:\igmprofile\desktop\ggp_repo\ggp_project\dx11starter\x64\debug\dx11starter.tlog\fxc.write.1.tlog
z:\igmprofile\desktop\ggp_repo\ggp_project\dx11starter\x64\debug\dx11starter.tlog\link.command.1.tlog
z:\igmprofile\desktop\ggp_repo\ggp_project\dx11starter\x64\debug\dx11starter.tlog\link.read.1.tlog
z:\igmprofile\desktop\ggp_repo\ggp_project\dx11starter\x64\debug\dx11starter.tlog\link.write.1.tlog
